<?xml version="1.0" encoding="UTF-8"?>
<testsuite name="org.example.springboot.web.IndexControllerTest" tests="1" skipped="0" failures="0" errors="0" timestamp="2022-06-27T14:01:38" hostname="LAPTOP-JE7A1KAR" time="0.437">
  <properties/>
  <testcase name="mainPage_load" classname="org.example.springboot.web.IndexControllerTest" time="0.437"/>
  <system-out><![CDATA[2022-06-27 23:01:32.473  INFO 33564 --- [    Test worker] .b.t.c.SpringBootTestContextBootstrapper : Neither @ContextConfiguration nor @ContextHierarchy found for test class [org.example.springboot.web.IndexControllerTest], using SpringBootContextLoader
2022-06-27 23:01:32.476  INFO 33564 --- [    Test worker] o.s.t.c.support.AbstractContextLoader    : Could not detect default resource locations for test class [org.example.springboot.web.IndexControllerTest]: no resource found for suffixes {-context.xml, Context.groovy}.
2022-06-27 23:01:32.476  INFO 33564 --- [    Test worker] t.c.s.AnnotationConfigContextLoaderUtils : Could not detect default configuration classes for test class [org.example.springboot.web.IndexControllerTest]: IndexControllerTest does not declare any static, non-private, non-final, nested classes annotated with @Configuration.
2022-06-27 23:01:32.480  INFO 33564 --- [    Test worker] .b.t.c.SpringBootTestContextBootstrapper : Found @SpringBootConfiguration org.example.springboot.Application for test class org.example.springboot.web.IndexControllerTest
2022-06-27 23:01:32.483  INFO 33564 --- [    Test worker] .b.t.c.SpringBootTestContextBootstrapper : Loaded default TestExecutionListener class names from location [META-INF/spring.factories]: [org.springframework.security.test.context.support.WithSecurityContextTestExecutionListener, org.springframework.security.test.context.support.ReactorContextTestExecutionListener, org.springframework.boot.test.autoconfigure.restdocs.RestDocsTestExecutionListener, org.springframework.boot.test.autoconfigure.web.client.MockRestServiceServerResetTestExecutionListener, org.springframework.boot.test.autoconfigure.web.servlet.MockMvcPrintOnlyOnFailureTestExecutionListener, org.springframework.boot.test.autoconfigure.web.servlet.WebDriverTestExecutionListener, org.springframework.boot.test.mock.mockito.MockitoTestExecutionListener, org.springframework.boot.test.mock.mockito.ResetMocksTestExecutionListener, org.springframework.test.context.web.ServletTestExecutionListener, org.springframework.test.context.support.DirtiesContextBeforeModesTestExecutionListener, org.springframework.test.context.support.DependencyInjectionTestExecutionListener, org.springframework.test.context.support.DirtiesContextTestExecutionListener, org.springframework.test.context.transaction.TransactionalTestExecutionListener, org.springframework.test.context.jdbc.SqlScriptsTestExecutionListener]
2022-06-27 23:01:32.485  INFO 33564 --- [    Test worker] .b.t.c.SpringBootTestContextBootstrapper : Using TestExecutionListeners: [org.springframework.test.context.web.ServletTestExecutionListener@1ec1e886, org.springframework.test.context.support.DirtiesContextBeforeModesTestExecutionListener@1e460f62, org.springframework.boot.test.mock.mockito.MockitoTestExecutionListener@63b9a7f7, org.springframework.boot.test.autoconfigure.SpringBootDependencyInjectionTestExecutionListener@6fe79960, org.springframework.test.context.support.DirtiesContextTestExecutionListener@7e73d9c2, org.springframework.test.context.transaction.TransactionalTestExecutionListener@50e0e471, org.springframework.test.context.jdbc.SqlScriptsTestExecutionListener@7ec87785, org.springframework.security.test.context.support.WithSecurityContextTestExecutionListener@2d37dda5, org.springframework.security.test.context.support.ReactorContextTestExecutionListener@4deaac08, org.springframework.boot.test.autoconfigure.restdocs.RestDocsTestExecutionListener@1a7e0aa8, org.springframework.boot.test.autoconfigure.web.client.MockRestServiceServerResetTestExecutionListener@27b7223d, org.springframework.boot.test.autoconfigure.web.servlet.MockMvcPrintOnlyOnFailureTestExecutionListener@34fe199b, org.springframework.boot.test.autoconfigure.web.servlet.WebDriverTestExecutionListener@2c6c79e0, org.springframework.boot.test.mock.mockito.ResetMocksTestExecutionListener@46ad1d8f]

  .   ____          _            __ _ _
 /\\ / ___'_ __ _ _(_)_ __  __ _ \ \ \ \
( ( )\___ | '_ | '_| | '_ \/ _` | \ \ \ \
 \\/  ___)| |_)| | | | | || (_| |  ) ) ) )
  '  |____| .__|_| |_|_| |_\__, | / / / /
 =========|_|==============|___/=/_/_/_/
 :: Spring Boot ::        (v2.1.7.RELEASE)

2022-06-27 23:01:32.586  INFO 33564 --- [    Test worker] o.e.springboot.web.IndexControllerTest   : Starting IndexControllerTest on LAPTOP-JE7A1KAR with PID 33564 (started by PC in C:\devtool\practice-2)
2022-06-27 23:01:32.586  INFO 33564 --- [    Test worker] o.e.springboot.web.IndexControllerTest   : No active profile set, falling back to default profiles: default
2022-06-27 23:01:33.260  INFO 33564 --- [    Test worker] .s.d.r.c.RepositoryConfigurationDelegate : Bootstrapping Spring Data repositories in DEFAULT mode.
2022-06-27 23:01:33.405  INFO 33564 --- [    Test worker] .s.d.r.c.RepositoryConfigurationDelegate : Finished Spring Data repository scanning in 144ms. Found 2 repository interfaces.
2022-06-27 23:01:33.633  INFO 33564 --- [    Test worker] trationDelegate$BeanPostProcessorChecker : Bean 'org.springframework.transaction.annotation.ProxyTransactionManagementConfiguration' of type [org.springframework.transaction.annotation.ProxyTransactionManagementConfiguration$$EnhancerBySpringCGLIB$$89da769e] is not eligible for getting processed by all BeanPostProcessors (for example: not eligible for auto-proxying)
2022-06-27 23:01:34.243  INFO 33564 --- [    Test worker] o.s.b.w.embedded.tomcat.TomcatWebServer  : Tomcat initialized with port(s): 0 (http)
2022-06-27 23:01:34.307  INFO 33564 --- [    Test worker] o.apache.catalina.core.StandardService   : Starting service [Tomcat]
2022-06-27 23:01:34.308  INFO 33564 --- [    Test worker] org.apache.catalina.core.StandardEngine  : Starting Servlet engine: [Apache Tomcat/9.0.22]
2022-06-27 23:01:34.792  INFO 33564 --- [    Test worker] o.a.c.c.C.[Tomcat].[localhost].[/]       : Initializing Spring embedded WebApplicationContext
2022-06-27 23:01:34.793  INFO 33564 --- [    Test worker] o.s.web.context.ContextLoader            : Root WebApplicationContext: initialization completed in 2199 ms
2022-06-27 23:01:35.271  INFO 33564 --- [    Test worker] com.zaxxer.hikari.HikariDataSource       : HikariPool-2 - Starting...
2022-06-27 23:01:35.274  INFO 33564 --- [    Test worker] com.zaxxer.hikari.HikariDataSource       : HikariPool-2 - Start completed.
2022-06-27 23:01:35.419  INFO 33564 --- [    Test worker] o.hibernate.jpa.internal.util.LogHelper  : HHH000204: Processing PersistenceUnitInfo [
	name: default
	...]
2022-06-27 23:01:35.469  INFO 33564 --- [    Test worker] org.hibernate.dialect.Dialect            : HHH000400: Using dialect: org.hibernate.dialect.MySQL5InnoDBDialect
Hibernate: drop table if exists posts
Hibernate: drop table if exists user
Hibernate: create table posts (id bigint not null auto_increment, created_date datetime, modified_date datetime, author varchar(255), content TEXT not null, title varchar(500) not null, primary key (id)) engine=InnoDB
Hibernate: create table user (id bigint not null auto_increment, created_date datetime, modified_date datetime, email varchar(255) not null, name varchar(255) not null, picture varchar(255), role varchar(255) not null, primary key (id)) engine=InnoDB
2022-06-27 23:01:35.602  INFO 33564 --- [    Test worker] o.h.t.schema.internal.SchemaCreatorImpl  : HHH000476: Executing import script 'org.hibernate.tool.schema.internal.exec.ScriptSourceInputNonExistentImpl@179132f1'
2022-06-27 23:01:35.603  INFO 33564 --- [    Test worker] j.LocalContainerEntityManagerFactoryBean : Initialized JPA EntityManagerFactory for persistence unit 'default'
2022-06-27 23:01:36.440  INFO 33564 --- [    Test worker] o.h.h.i.QueryTranslatorFactoryInitiator  : HHH000397: Using ASTQueryTranslatorFactory
2022-06-27 23:01:36.897  INFO 33564 --- [    Test worker] o.s.s.web.DefaultSecurityFilterChain     : Creating filter chain: any request, [org.springframework.security.web.context.request.async.WebAsyncManagerIntegrationFilter@3b36f78c, org.springframework.security.web.context.SecurityContextPersistenceFilter@2975538a, org.springframework.security.web.header.HeaderWriterFilter@2bc04c8c, org.springframework.security.web.authentication.logout.LogoutFilter@2622523e, org.springframework.security.oauth2.client.web.OAuth2AuthorizationRequestRedirectFilter@7aaf37b0, org.springframework.security.oauth2.client.web.OAuth2LoginAuthenticationFilter@2ad43ea3, org.springframework.security.web.authentication.ui.DefaultLoginPageGeneratingFilter@2548ac1e, org.springframework.security.web.authentication.ui.DefaultLogoutPageGeneratingFilter@52ddf11f, org.springframework.security.web.savedrequest.RequestCacheAwareFilter@5e536798, org.springframework.security.web.servletapi.SecurityContextHolderAwareRequestFilter@775ee4f2, org.springframework.security.web.authentication.AnonymousAuthenticationFilter@514c5e43, org.springframework.security.web.session.SessionManagementFilter@7794ba15, org.springframework.security.web.access.ExceptionTranslationFilter@6b53805c, org.springframework.security.web.access.intercept.FilterSecurityInterceptor@20193376]
2022-06-27 23:01:37.468  INFO 33564 --- [    Test worker] o.s.s.concurrent.ThreadPoolTaskExecutor  : Initializing ExecutorService 'applicationTaskExecutor'
2022-06-27 23:01:37.496  WARN 33564 --- [    Test worker] aWebConfiguration$JpaWebMvcConfiguration : spring.jpa.open-in-view is enabled by default. Therefore, database queries may be performed during view rendering. Explicitly configure spring.jpa.open-in-view to disable this warning
2022-06-27 23:01:37.569  INFO 33564 --- [    Test worker] o.s.b.a.w.s.WelcomePageHandlerMapping    : Adding welcome page template: index
2022-06-27 23:01:38.344  INFO 33564 --- [    Test worker] s.a.ScheduledAnnotationBeanPostProcessor : No TaskScheduler/ScheduledExecutorService bean found for scheduled processing
2022-06-27 23:01:38.397  INFO 33564 --- [    Test worker] o.s.b.w.embedded.tomcat.TomcatWebServer  : Tomcat started on port(s): 53740 (http) with context path ''
2022-06-27 23:01:38.399  INFO 33564 --- [    Test worker] o.e.springboot.web.IndexControllerTest   : Started IndexControllerTest in 5.909 seconds (JVM running for 29.755)
2022-06-27 23:01:38.616  INFO 33564 --- [o-auto-1-exec-1] o.a.c.c.C.[Tomcat].[localhost].[/]       : Initializing Spring DispatcherServlet 'dispatcherServlet'
2022-06-27 23:01:38.616  INFO 33564 --- [o-auto-1-exec-1] o.s.web.servlet.DispatcherServlet        : Initializing Servlet 'dispatcherServlet'
2022-06-27 23:01:38.672  INFO 33564 --- [o-auto-1-exec-1] o.s.web.servlet.DispatcherServlet        : Completed initialization in 55 ms
Hibernate: select posts0_.id as id1_0_, posts0_.created_date as created_2_0_, posts0_.modified_date as modified3_0_, posts0_.author as author4_0_, posts0_.content as content5_0_, posts0_.title as title6_0_ from posts posts0_ order by posts0_.id DESC
]]></system-out>
  <system-err><![CDATA[]]></system-err>
</testsuite>
